nohup: ignoring input
[Message]: Listen at Port: 8896
[20180322100436]:IP:59.56.170.94;成功接入
[20180322100436]:连接成功%s:59.56.170.94:38944connected
the mqid=327681	processed count=30000.
the mqid=327681	processed count=60000.
the mqid=327681	processed count=90000.
the mqid=327681	processed count=120000.
the mqid=327681	processed count=150000.
the mqid=327681	processed count=180000.
the mqid=327681	processed count=210000.
the mqid=327681	processed count=240000.
the mqid=327681	processed count=270000.
the mqid=327681	processed count=300000.
the mqid=327681	processed count=330000.
the mqid=327681	processed count=360000.
the mqid=327681	processed count=390000.
the mqid=327681	processed count=420000.
the mqid=327681	processed count=450000.
the mqid=327681	processed count=480000.
the mqid=327681	processed count=510000.
the mqid=327681	processed count=540000.
the mqid=327681	processed count=570000.
the mqid=327681	processed count=600000.
the mqid=327681	processed count=630000.
the mqid=327681	processed count=660000.
the mqid=327681	processed count=690000.
the mqid=327681	processed count=720000.
the mqid=327681	processed count=750000.
the mqid=327681	processed count=780000.
the mqid=327681	processed count=810000.
the mqid=327681	processed count=840000.
[20180322100654]:receiveMsg-IP:59.56.170.94 断开链接
